-------------------------------------------------------------------------------
Test set: com.springboot.controller.GreetingControllerIntegrationTest
-------------------------------------------------------------------------------
Tests run: 5, Failures: 5, Errors: 0, Skipped: 0, Time elapsed: 3.159 s <<< FAILURE! -- in com.springboot.controller.GreetingControllerIntegrationTest
com.springboot.controller.GreetingControllerIntegrationTest.testHomeEndpointWithSpanishLanguage -- Time elapsed: 0.687 s <<< FAILURE!
org.opentest4j.AssertionFailedError: 

expected: 200 OK
 but was: 401 UNAUTHORIZED
	at java.base/jdk.internal.reflect.DirectConstructorHandleAccessor.newInstance(DirectConstructorHandleAccessor.java:62)
	at java.base/java.lang.reflect.Constructor.newInstanceWithCaller(Constructor.java:499)
	at com.springboot.controller.GreetingControllerIntegrationTest.testHomeEndpointWithSpanishLanguage(GreetingControllerIntegrationTest.java:46)
	at java.base/java.lang.reflect.Method.invoke(Method.java:565)
	at java.base/java.util.ArrayList.forEach(ArrayList.java:1604)
	at java.base/java.util.ArrayList.forEach(ArrayList.java:1604)

com.springboot.controller.GreetingControllerIntegrationTest.testLanguagesEndpoint -- Time elapsed: 0.089 s <<< FAILURE!
org.opentest4j.AssertionFailedError: 

expected: 200 OK
 but was: 401 UNAUTHORIZED
	at java.base/jdk.internal.reflect.DirectConstructorHandleAccessor.newInstance(DirectConstructorHandleAccessor.java:62)
	at java.base/java.lang.reflect.Constructor.newInstanceWithCaller(Constructor.java:499)
	at com.springboot.controller.GreetingControllerIntegrationTest.testLanguagesEndpoint(GreetingControllerIntegrationTest.java:66)
	at java.base/java.lang.reflect.Method.invoke(Method.java:565)
	at java.base/java.util.ArrayList.forEach(ArrayList.java:1604)
	at java.base/java.util.ArrayList.forEach(ArrayList.java:1604)

com.springboot.controller.GreetingControllerIntegrationTest.testHomeEndpointWithDefaultLanguage -- Time elapsed: 0.084 s <<< FAILURE!
org.opentest4j.AssertionFailedError: 

expected: 200 OK
 but was: 401 UNAUTHORIZED
	at java.base/jdk.internal.reflect.DirectConstructorHandleAccessor.newInstance(DirectConstructorHandleAccessor.java:62)
	at java.base/java.lang.reflect.Constructor.newInstanceWithCaller(Constructor.java:499)
	at com.springboot.controller.GreetingControllerIntegrationTest.testHomeEndpointWithDefaultLanguage(GreetingControllerIntegrationTest.java:36)
	at java.base/java.lang.reflect.Method.invoke(Method.java:565)
	at java.base/java.util.ArrayList.forEach(ArrayList.java:1604)
	at java.base/java.util.ArrayList.forEach(ArrayList.java:1604)

com.springboot.controller.GreetingControllerIntegrationTest.testHomeEndpointWithJapaneseLanguage -- Time elapsed: 0.084 s <<< FAILURE!
org.opentest4j.AssertionFailedError: 

expected: 200 OK
 but was: 401 UNAUTHORIZED
	at java.base/jdk.internal.reflect.DirectConstructorHandleAccessor.newInstance(DirectConstructorHandleAccessor.java:62)
	at java.base/java.lang.reflect.Constructor.newInstanceWithCaller(Constructor.java:499)
	at com.springboot.controller.GreetingControllerIntegrationTest.testHomeEndpointWithJapaneseLanguage(GreetingControllerIntegrationTest.java:56)
	at java.base/java.lang.reflect.Method.invoke(Method.java:565)
	at java.base/java.util.ArrayList.forEach(ArrayList.java:1604)
	at java.base/java.util.ArrayList.forEach(ArrayList.java:1604)

com.springboot.controller.GreetingControllerIntegrationTest.testAsyncEndpoint -- Time elapsed: 0.084 s <<< FAILURE!
org.opentest4j.AssertionFailedError: 

expected: 200 OK
 but was: 401 UNAUTHORIZED
	at java.base/jdk.internal.reflect.DirectConstructorHandleAccessor.newInstance(DirectConstructorHandleAccessor.java:62)
	at java.base/java.lang.reflect.Constructor.newInstanceWithCaller(Constructor.java:499)
	at com.springboot.controller.GreetingControllerIntegrationTest.testAsyncEndpoint(GreetingControllerIntegrationTest.java:80)
	at java.base/java.lang.reflect.Method.invoke(Method.java:565)
	at java.base/java.util.ArrayList.forEach(ArrayList.java:1604)
	at java.base/java.util.ArrayList.forEach(ArrayList.java:1604)

