<?xml version="1.0" encoding="UTF-8"?>
<testsuite xmlns:xsi="http://www.w3.org/2001/XMLSchema-instance" xsi:noNamespaceSchemaLocation="https://maven.apache.org/surefire/maven-surefire-plugin/xsd/surefire-test-report-3.0.xsd" version="3.0" name="com.springboot.SpringBootExampleApplicationTests" time="0.393" tests="1" errors="0" skipped="0" failures="0">
  <properties>
[...]
</properties>
  <testcase name="contextLoads" classname="com.springboot.SpringBootExampleApplicationTests" time="0.001">
    <system-out><![CDATA[2025-06-29 16:44:17.491 [main] INFO  o.s.t.c.s.AnnotationConfigContextLoaderUtils - Could not detect default configuration classes for test class [com.springboot.SpringBootExampleApplicationTests]: SpringBootExampleApplicationTests does not declare any static, non-private, non-final, nested classes annotated with @Configuration.
2025-06-29 16:44:17.494 [main] INFO  o.s.b.t.c.SpringBootTestContextBootstrapper - Found @SpringBootConfiguration com.springboot.SpringBootExampleApplication for test class com.springboot.SpringBootExampleApplicationTests

  .   ____          _            __ _ _
 /\\ / ___'_ __ _ _(_)_ __  __ _ \ \ \ \
( ( )\___ | '_ | '_| | '_ \/ _` | \ \ \ \
 \\/  ___)| |_)| | | | | || (_| |  ) ) ) )
  '  |____| .__|_| |_|_| |_\__, | / / / /
 =========|_|==============|___/=/_/_/_/
 :: Spring Boot ::               (v3.2.11)

2025-06-29 16:44:17.837 [main] INFO  o.s.b.a.e.web.EndpointLinksResolver - Exposing 4 endpoint(s) beneath base path '/actuator'
2025-06-29 16:44:17.845 [main] INFO  o.s.s.web.DefaultSecurityFilterChain - Will secure any request with [org.springframework.security.web.session.DisableEncodeUrlFilter@67d6bb59, org.springframework.security.web.context.request.async.WebAsyncManagerIntegrationFilter@1a632663, org.springframework.security.web.context.SecurityContextHolderFilter@4ec28534, org.springframework.security.web.header.HeaderWriterFilter@6dae5562, org.springframework.web.filter.CorsFilter@1147ab09, org.springframework.security.web.authentication.logout.LogoutFilter@7e38d2a2, org.springframework.security.web.authentication.www.BasicAuthenticationFilter@5fc3dfc1, org.springframework.security.web.savedrequest.RequestCacheAwareFilter@921dbcf, org.springframework.security.web.servletapi.SecurityContextHolderAwareRequestFilter@163b8acc, org.springframework.security.web.authentication.AnonymousAuthenticationFilter@503b5337, org.springframework.security.web.session.SessionManagementFilter@1cc5d8a9, org.springframework.security.web.access.ExceptionTranslationFilter@10bae3c0, org.springframework.security.web.access.intercept.AuthorizationFilter@33671907]
]]></system-out>
  </testcase>
</testsuite>